e:\year 2\graphics 2\repo\graphics-2-coursework\directxframework\graphics2\x64\debug\vc142.pdb
e:\year 2\graphics 2\repo\graphics-2-coursework\directxframework\graphics2\x64\debug\vc142.idb
e:\year 2\graphics 2\repo\graphics-2-coursework\directxframework\graphics2\x64\debug\wictextureloader.obj
e:\year 2\graphics 2\repo\graphics-2-coursework\directxframework\graphics2\x64\debug\terrainnode.obj
e:\year 2\graphics 2\repo\graphics-2-coursework\directxframework\graphics2\x64\debug\scenegraph.obj
e:\year 2\graphics 2\repo\graphics-2-coursework\directxframework\graphics2\x64\debug\resourcemanager.obj
e:\year 2\graphics 2\repo\graphics-2-coursework\directxframework\graphics2\x64\debug\meshrenderer.obj
e:\year 2\graphics 2\repo\graphics-2-coursework\directxframework\graphics2\x64\debug\meshnode.obj
e:\year 2\graphics 2\repo\graphics-2-coursework\directxframework\graphics2\x64\debug\mesh.obj
e:\year 2\graphics 2\repo\graphics-2-coursework\directxframework\graphics2\x64\debug\graphics2.obj
e:\year 2\graphics 2\repo\graphics-2-coursework\directxframework\graphics2\x64\debug\gamepadcontroller.obj
e:\year 2\graphics 2\repo\graphics-2-coursework\directxframework\graphics2\x64\debug\directxframework.obj
e:\year 2\graphics 2\repo\graphics-2-coursework\directxframework\graphics2\x64\debug\framework.obj
e:\year 2\graphics 2\repo\graphics-2-coursework\directxframework\graphics2\x64\debug\cube.obj
e:\year 2\graphics 2\repo\graphics-2-coursework\directxframework\graphics2\x64\debug\camera.obj
e:\year 2\graphics 2\repo\graphics-2-coursework\directxframework\x64\debug\graphics2.ilk
e:\year 2\graphics 2\repo\graphics-2-coursework\directxframework\x64\debug\graphics2.exe
e:\year 2\graphics 2\repo\graphics-2-coursework\directxframework\x64\debug\graphics2.pdb
e:\year 2\graphics 2\repo\graphics-2-coursework\directxframework\graphics2\x64\debug\graphics2.res
e:\year 2\graphics 2\repo\graphics-2-coursework\directxframework\graphics2\x64\debug\graphics2.tlog\cl.command.1.tlog
e:\year 2\graphics 2\repo\graphics-2-coursework\directxframework\graphics2\x64\debug\graphics2.tlog\cl.read.1.tlog
e:\year 2\graphics 2\repo\graphics-2-coursework\directxframework\graphics2\x64\debug\graphics2.tlog\cl.write.1.tlog
e:\year 2\graphics 2\repo\graphics-2-coursework\directxframework\graphics2\x64\debug\graphics2.tlog\link.command.1.tlog
e:\year 2\graphics 2\repo\graphics-2-coursework\directxframework\graphics2\x64\debug\graphics2.tlog\link.read.1.tlog
e:\year 2\graphics 2\repo\graphics-2-coursework\directxframework\graphics2\x64\debug\graphics2.tlog\link.write.1.tlog
e:\year 2\graphics 2\repo\graphics-2-coursework\directxframework\graphics2\x64\debug\graphics2.tlog\rc.command.1.tlog
e:\year 2\graphics 2\repo\graphics-2-coursework\directxframework\graphics2\x64\debug\graphics2.tlog\rc.read.1.tlog
e:\year 2\graphics 2\repo\graphics-2-coursework\directxframework\graphics2\x64\debug\graphics2.tlog\rc.write.1.tlog
