  Graphics2.cpp
C:\Program Files (x86)\Microsoft Visual Studio\2019\Community\VC\Tools\MSVC\14.24.28314\include\xmemory(204,33): warning C4244: 'argument': conversion from '_Ty' to 'float', possible loss of data
          with
          [
              _Ty=int
          ]
C:\Program Files (x86)\Microsoft Visual Studio\2019\Community\VC\Tools\MSVC\14.24.28314\include\memory(1491): message : see reference to function template instantiation 'void std::_Construct_in_place<_Ty,const wchar_t(&)[4],const wchar_t(&)[11],int>(_Ty &,const wchar_t (&)[4],const wchar_t (&)[11],int &&) noexcept(false)' being compiled
          with
          [
              _Ty=SkyNode
          ]
C:\Program Files (x86)\Microsoft Visual Studio\2019\Community\VC\Tools\MSVC\14.24.28314\include\memory(1591): message : see reference to function template instantiation 'std::_Ref_count_obj2<_Ty>::_Ref_count_obj2<const wchar_t(&)[4],const wchar_t(&)[11],int>(const wchar_t (&)[4],const wchar_t (&)[11],int &&)' being compiled
          with
          [
              _Ty=SkyNode
          ]
C:\Program Files (x86)\Microsoft Visual Studio\2019\Community\VC\Tools\MSVC\14.24.28314\include\memory(1591): message : see reference to function template instantiation 'std::_Ref_count_obj2<_Ty>::_Ref_count_obj2<const wchar_t(&)[4],const wchar_t(&)[11],int>(const wchar_t (&)[4],const wchar_t (&)[11],int &&)' being compiled
          with
          [
              _Ty=SkyNode
          ]
E:\Year 2\Graphics 2\Repo\Graphics-2-Coursework\DirectXFramework\Graphics2\Graphics2.cpp(50): message : see reference to function template instantiation 'std::shared_ptr<SkyNode> std::make_shared<SkyNode,const wchar_t(&)[4],const wchar_t(&)[11],int>(const wchar_t (&)[4],const wchar_t (&)[11],int &&)' being compiled
  Graphics2.vcxproj -> E:\Year 2\Graphics 2\Repo\Graphics-2-Coursework\DirectXFramework\x64\Debug\Graphics2.exe
  E:\Year 2\Graphics 2\Repo\Graphics-2-Coursework\DirectXFramework\Graphics2\assimp-vc140-mt.dll
  E:\Year 2\Graphics 2\Repo\Graphics-2-Coursework\DirectXFramework\Graphics2\zlib.dll
          2 file(s) copied.
          1 file(s) copied.
