  Camera.cpp
  Cube.cpp
  DDSTextureLoader.cpp
  Framework.cpp
  DirectXFramework.cpp
  GamePadController.cpp
  Graphics2.cpp
C:\Program Files (x86)\Microsoft Visual Studio\2019\Community\VC\Tools\MSVC\14.24.28314\include\xmemory(204,33): warning C4244: 'argument': conversion from '_Ty' to 'float', possible loss of data
          with
          [
              _Ty=int
          ]
C:\Program Files (x86)\Microsoft Visual Studio\2019\Community\VC\Tools\MSVC\14.24.28314\include\memory(1491): message : see reference to function template instantiation 'void std::_Construct_in_place<_Ty,const wchar_t(&)[4],const wchar_t(&)[11],int>(_Ty &,const wchar_t (&)[4],const wchar_t (&)[11],int &&) noexcept(false)' being compiled
          with
          [
              _Ty=SkyNode
          ]
C:\Program Files (x86)\Microsoft Visual Studio\2019\Community\VC\Tools\MSVC\14.24.28314\include\memory(1591): message : see reference to function template instantiation 'std::_Ref_count_obj2<_Ty>::_Ref_count_obj2<const wchar_t(&)[4],const wchar_t(&)[11],int>(const wchar_t (&)[4],const wchar_t (&)[11],int &&)' being compiled
          with
          [
              _Ty=SkyNode
          ]
C:\Program Files (x86)\Microsoft Visual Studio\2019\Community\VC\Tools\MSVC\14.24.28314\include\memory(1591): message : see reference to function template instantiation 'std::_Ref_count_obj2<_Ty>::_Ref_count_obj2<const wchar_t(&)[4],const wchar_t(&)[11],int>(const wchar_t (&)[4],const wchar_t (&)[11],int &&)' being compiled
          with
          [
              _Ty=SkyNode
          ]
E:\Year 2\Graphics 2\Repo\Graphics-2-Coursework\DirectXFramework\Graphics2\Graphics2.cpp(45): message : see reference to function template instantiation 'std::shared_ptr<SkyNode> std::make_shared<SkyNode,const wchar_t(&)[4],const wchar_t(&)[11],int>(const wchar_t (&)[4],const wchar_t (&)[11],int &&)' being compiled
  Mesh.cpp
  MeshNode.cpp
  MeshRenderer.cpp
  ResourceManager.cpp
  SceneGraph.cpp
  SkyNode.cpp
E:\Year 2\Graphics 2\Repo\Graphics-2-Coursework\DirectXFramework\Graphics2\SkyNode.cpp(49,51): warning C4267: 'argument': conversion from 'size_t' to 'UINT', possible loss of data
E:\Year 2\Graphics 2\Repo\Graphics-2-Coursework\DirectXFramework\Graphics2\SkyNode.cpp(124,73): warning C4267: '=': conversion from 'size_t' to 'UINT', possible loss of data
E:\Year 2\Graphics 2\Repo\Graphics-2-Coursework\DirectXFramework\Graphics2\SkyNode.cpp(142,66): warning C4267: '=': conversion from 'size_t' to 'UINT', possible loss of data
  TerrainNode.cpp
E:\Year 2\Graphics 2\Repo\Graphics-2-Coursework\DirectXFramework\Graphics2\TerrainNode.cpp(58,51): warning C4267: 'argument': conversion from 'size_t' to 'UINT', possible loss of data
E:\Year 2\Graphics 2\Repo\Graphics-2-Coursework\DirectXFramework\Graphics2\TerrainNode.cpp(122,20): warning C4018: '<': signed/unsigned mismatch
E:\Year 2\Graphics 2\Repo\Graphics-2-Coursework\DirectXFramework\Graphics2\TerrainNode.cpp(124,21): warning C4018: '<': signed/unsigned mismatch
E:\Year 2\Graphics 2\Repo\Graphics-2-Coursework\DirectXFramework\Graphics2\TerrainNode.cpp(136,34): warning C4267: 'initializing': conversion from 'size_t' to 'UINT', possible loss of data
E:\Year 2\Graphics 2\Repo\Graphics-2-Coursework\DirectXFramework\Graphics2\TerrainNode.cpp(154,20): warning C4018: '<': signed/unsigned mismatch
E:\Year 2\Graphics 2\Repo\Graphics-2-Coursework\DirectXFramework\Graphics2\TerrainNode.cpp(156,21): warning C4018: '<': signed/unsigned mismatch
E:\Year 2\Graphics 2\Repo\Graphics-2-Coursework\DirectXFramework\Graphics2\TerrainNode.cpp(183,11): warning C4018: '<': signed/unsigned mismatch
E:\Year 2\Graphics 2\Repo\Graphics-2-Coursework\DirectXFramework\Graphics2\TerrainNode.cpp(190,10): warning C4018: '<': signed/unsigned mismatch
E:\Year 2\Graphics 2\Repo\Graphics-2-Coursework\DirectXFramework\Graphics2\TerrainNode.cpp(200,11): warning C4018: '<': signed/unsigned mismatch
E:\Year 2\Graphics 2\Repo\Graphics-2-Coursework\DirectXFramework\Graphics2\TerrainNode.cpp(214,10): warning C4018: '<': signed/unsigned mismatch
E:\Year 2\Graphics 2\Repo\Graphics-2-Coursework\DirectXFramework\Graphics2\TerrainNode.cpp(235,77): warning C4267: '=': conversion from 'size_t' to 'UINT', possible loss of data
E:\Year 2\Graphics 2\Repo\Graphics-2-Coursework\DirectXFramework\Graphics2\TerrainNode.cpp(253,66): warning C4267: '=': conversion from 'size_t' to 'UINT', possible loss of data
E:\Year 2\Graphics 2\Repo\Graphics-2-Coursework\DirectXFramework\Graphics2\TerrainNode.cpp(441,26): warning C4305: 'initializing': truncation from 'double' to 'float'
E:\Year 2\Graphics 2\Repo\Graphics-2-Coursework\DirectXFramework\Graphics2\TerrainNode.cpp(442,25): warning C4305: 'initializing': truncation from 'double' to 'float'
E:\Year 2\Graphics 2\Repo\Graphics-2-Coursework\DirectXFramework\Graphics2\TerrainNode.cpp(443,24): warning C4305: 'initializing': truncation from 'double' to 'float'
  WICTextureLoader.cpp
  Generating code
  Previous IPDB not found, fall back to full compilation.
  All 1841 functions were compiled because no usable IPDB/IOBJ from previous compilation was found.
  Finished generating code
  Graphics2.vcxproj -> E:\Year 2\Graphics 2\Repo\Graphics-2-Coursework\DirectXFramework\x64\Release\Graphics2.exe
