e:\year 2\graphics 2\repo\graphics-2-coursework\directxframework\graphics2\x64\release\vc142.pdb
e:\year 2\graphics 2\repo\graphics-2-coursework\directxframework\graphics2\x64\release\wictextureloader.obj
e:\year 2\graphics 2\repo\graphics-2-coursework\directxframework\graphics2\x64\release\terrainnode.obj
e:\year 2\graphics 2\repo\graphics-2-coursework\directxframework\graphics2\x64\release\skynode.obj
e:\year 2\graphics 2\repo\graphics-2-coursework\directxframework\graphics2\x64\release\scenegraph.obj
e:\year 2\graphics 2\repo\graphics-2-coursework\directxframework\graphics2\x64\release\resourcemanager.obj
e:\year 2\graphics 2\repo\graphics-2-coursework\directxframework\graphics2\x64\release\moveablenode.obj
e:\year 2\graphics 2\repo\graphics-2-coursework\directxframework\graphics2\x64\release\meshrenderer.obj
e:\year 2\graphics 2\repo\graphics-2-coursework\directxframework\graphics2\x64\release\meshnode.obj
e:\year 2\graphics 2\repo\graphics-2-coursework\directxframework\graphics2\x64\release\mesh.obj
e:\year 2\graphics 2\repo\graphics-2-coursework\directxframework\graphics2\x64\release\graphics2.obj
e:\year 2\graphics 2\repo\graphics-2-coursework\directxframework\graphics2\x64\release\gamepadcontroller.obj
e:\year 2\graphics 2\repo\graphics-2-coursework\directxframework\graphics2\x64\release\directxframework.obj
e:\year 2\graphics 2\repo\graphics-2-coursework\directxframework\graphics2\x64\release\framework.obj
e:\year 2\graphics 2\repo\graphics-2-coursework\directxframework\graphics2\x64\release\ddstextureloader.obj
e:\year 2\graphics 2\repo\graphics-2-coursework\directxframework\graphics2\x64\release\cube.obj
e:\year 2\graphics 2\repo\graphics-2-coursework\directxframework\graphics2\x64\release\camera.obj
e:\year 2\graphics 2\repo\graphics-2-coursework\directxframework\graphics2\x64\release\boundingsphere.obj
e:\year 2\graphics 2\repo\graphics-2-coursework\directxframework\x64\release\graphics2.ipdb
e:\year 2\graphics 2\repo\graphics-2-coursework\directxframework\x64\release\graphics2.iobj
e:\year 2\graphics 2\repo\graphics-2-coursework\directxframework\x64\release\graphics2.exe
e:\year 2\graphics 2\repo\graphics-2-coursework\directxframework\x64\release\graphics2.pdb
e:\year 2\graphics 2\repo\graphics-2-coursework\directxframework\graphics2\x64\release\graphics2.res
e:\year 2\graphics 2\repo\graphics-2-coursework\directxframework\graphics2\x64\release\graphics2.tlog\cl.command.1.tlog
e:\year 2\graphics 2\repo\graphics-2-coursework\directxframework\graphics2\x64\release\graphics2.tlog\cl.read.1.tlog
e:\year 2\graphics 2\repo\graphics-2-coursework\directxframework\graphics2\x64\release\graphics2.tlog\cl.write.1.tlog
e:\year 2\graphics 2\repo\graphics-2-coursework\directxframework\graphics2\x64\release\graphics2.tlog\graphics2.write.1u.tlog
e:\year 2\graphics 2\repo\graphics-2-coursework\directxframework\graphics2\x64\release\graphics2.tlog\link.command.1.tlog
e:\year 2\graphics 2\repo\graphics-2-coursework\directxframework\graphics2\x64\release\graphics2.tlog\link.delete.1.tlog
e:\year 2\graphics 2\repo\graphics-2-coursework\directxframework\graphics2\x64\release\graphics2.tlog\link.read.1.tlog
e:\year 2\graphics 2\repo\graphics-2-coursework\directxframework\graphics2\x64\release\graphics2.tlog\link.write.1.tlog
e:\year 2\graphics 2\repo\graphics-2-coursework\directxframework\graphics2\x64\release\graphics2.tlog\rc.command.1.tlog
e:\year 2\graphics 2\repo\graphics-2-coursework\directxframework\graphics2\x64\release\graphics2.tlog\rc.read.1.tlog
e:\year 2\graphics 2\repo\graphics-2-coursework\directxframework\graphics2\x64\release\graphics2.tlog\rc.write.1.tlog
